Change Component Footprint: Designator=C1 Old Footprint=CAPPR55-200-1100X500X1200 New Footprint=AVX-TAJ-A-2_L
Change Component Footprint: Designator=C8 Old Footprint=CAPPR55-200-1100X500X1200 New Footprint=AVX-TAJ-A-2_L
Change Component Comment : Designator=C1 Old Comment=ECA1HM4R7 New Comment=TAJA475K016RNJ
Change Component Comment : Designator=C8 Old Comment=ECA1HM4R7 New Comment=TAJA475K016RNJ
Change Managed Component Library Link : Designator=C1 Old VaultGUID=DA4B9BF5-FC39-4896-B3A7-1417D108A803 New VaultGUID=DA4B9BF5-FC39-4896-B3A7-1417D108A803 Old ItemGUID=1E17A259-1E82-4417-B227-0BB2F9CA956B New ItemGUID=AD297953-FF75-4787-8E6B-7165BF7C7416 Old RevisionGUID=21AD074C-AB34-46F1-A4A0-A0483EBE3E84 New RevisionGUID=7D8E6AE6-1B37-4CA0-A056-6B46BDEF7CA8
Change Managed Component Library Link : Designator=C8 Old VaultGUID=DA4B9BF5-FC39-4896-B3A7-1417D108A803 New VaultGUID=DA4B9BF5-FC39-4896-B3A7-1417D108A803 Old ItemGUID=1E17A259-1E82-4417-B227-0BB2F9CA956B New ItemGUID=AD297953-FF75-4787-8E6B-7165BF7C7416 Old RevisionGUID=21AD074C-AB34-46F1-A4A0-A0483EBE3E84 New RevisionGUID=7D8E6AE6-1B37-4CA0-A056-6B46BDEF7CA8
Change component parameters: Designator = "C1" ("C1"); Footprint = "CAPPR55-200-1100X500X1200"; UniqueID = "\LSMGTMEV" ("\LSMGTMEV")
Change component parameters (AddParameter): Name = "Capacitor Type"; Value = "Tantalum"; VariantName = "[No Variations]"
Change component parameters (AddParameter): Name = "Case/Package"; Value = "1206"; VariantName = "[No Variations]"
Change component parameters (AddParameter): Name = "Datasheet URL"; Value = "http://datasheets.avx.com/TAJ.pdf"; VariantName = "[No Variations]"
Change component parameters (AddParameter): Name = "Datasheet Version"; Value = "Feb-16"; VariantName = "[No Variations]"
Change component parameters (AddParameter): Name = "ESR"; Value = "4Ohm"; VariantName = "[No Variations]"
Change component parameters (AddParameter): Name = "Manufacturer"; Value = "AVX"; VariantName = "[No Variations]"
Change component parameters (AddParameter): Name = "Manufacturer URL"; Value = "http://www.avx.com/"; VariantName = "[No Variations]"
Change component parameters (AddParameter): Name = "Max Operating Temperature"; Value = "125°C"; VariantName = "[No Variations]"
Change component parameters (AddParameter): Name = "Min Operating Temperature"; Value = "-55°C"; VariantName = "[No Variations]"
Change component parameters (AddParameter): Name = "Mounting Technology"; Value = "SM"; VariantName = "[No Variations]"
Change component parameters (AddParameter): Name = "Package Description"; Value = "2-Pin Surface Mount Device, Body 3.2 x 1.65 mm"; VariantName = "[No Variations]"
Change component parameters (AddParameter): Name = "Package Quantity"; Value = "2000"; VariantName = "[No Variations]"
Change component parameters (AddParameter): Name = "Package Reference"; Value = "TAJ-A-2"; VariantName = "[No Variations]"
Change component parameters (AddParameter): Name = "Packaging"; Value = "TapeandReel"; VariantName = "[No Variations]"
Change component parameters (AddParameter): Name = "Pins"; Value = "2"; VariantName = "[No Variations]"
Change component parameters (AddParameter): Name = "Resistance"; Value = "4Ohm"; VariantName = "[No Variations]"
Change component parameters (AddParameter): Name = "Ripple Current"; Value = ""; VariantName = "[No Variations]"
Change component parameters (AddParameter): Name = "Ripple Current (AC)"; Value = ""; VariantName = "[No Variations]"
Change component parameters (AddParameter): Name = "RoHS Compliant"; Value = "True"; VariantName = "[No Variations]"
Change component parameters (AddParameter): Name = "Tolerance"; Value = "10%"; VariantName = "[No Variations]"
Change component parameters (AddParameter): Name = "Value"; Value = "4.7µF"; VariantName = "[No Variations]"
Change component parameters (AddParameter): Name = "Voltage Rating"; Value = "16V"; VariantName = "[No Variations]"
Change component parameters: Designator = "C8" ("C8"); Footprint = "CAPPR55-200-1100X500X1200"; UniqueID = "\XCDXEXLW" ("\XCDXEXLW")
Change component parameters (AddParameter): Name = "Capacitor Type"; Value = "Tantalum"; VariantName = "[No Variations]"
Change component parameters (AddParameter): Name = "Case/Package"; Value = "1206"; VariantName = "[No Variations]"
Change component parameters (AddParameter): Name = "Datasheet URL"; Value = "http://datasheets.avx.com/TAJ.pdf"; VariantName = "[No Variations]"
Change component parameters (AddParameter): Name = "Datasheet Version"; Value = "Feb-16"; VariantName = "[No Variations]"
Change component parameters (AddParameter): Name = "ESR"; Value = "4Ohm"; VariantName = "[No Variations]"
Change component parameters (AddParameter): Name = "Manufacturer"; Value = "AVX"; VariantName = "[No Variations]"
Change component parameters (AddParameter): Name = "Manufacturer URL"; Value = "http://www.avx.com/"; VariantName = "[No Variations]"
Change component parameters (AddParameter): Name = "Max Operating Temperature"; Value = "125°C"; VariantName = "[No Variations]"
Change component parameters (AddParameter): Name = "Min Operating Temperature"; Value = "-55°C"; VariantName = "[No Variations]"
Change component parameters (AddParameter): Name = "Mounting Technology"; Value = "SM"; VariantName = "[No Variations]"
Change component parameters (AddParameter): Name = "Package Description"; Value = "2-Pin Surface Mount Device, Body 3.2 x 1.65 mm"; VariantName = "[No Variations]"
Change component parameters (AddParameter): Name = "Package Quantity"; Value = "2000"; VariantName = "[No Variations]"
Change component parameters (AddParameter): Name = "Package Reference"; Value = "TAJ-A-2"; VariantName = "[No Variations]"
Change component parameters (AddParameter): Name = "Packaging"; Value = "TapeandReel"; VariantName = "[No Variations]"
Change component parameters (AddParameter): Name = "Pins"; Value = "2"; VariantName = "[No Variations]"
Change component parameters (AddParameter): Name = "Resistance"; Value = "4Ohm"; VariantName = "[No Variations]"
Change component parameters (AddParameter): Name = "Ripple Current"; Value = ""; VariantName = "[No Variations]"
Change component parameters (AddParameter): Name = "Ripple Current (AC)"; Value = ""; VariantName = "[No Variations]"
Change component parameters (AddParameter): Name = "RoHS Compliant"; Value = "True"; VariantName = "[No Variations]"
Change component parameters (AddParameter): Name = "Tolerance"; Value = "10%"; VariantName = "[No Variations]"
Change component parameters (AddParameter): Name = "Value"; Value = "4.7µF"; VariantName = "[No Variations]"
Change component parameters (AddParameter): Name = "Voltage Rating"; Value = "16V"; VariantName = "[No Variations]"
