Removed Pin From Net: NetName=VIN Pin=J2-1
Removed Pin From Net: NetName=GND Pin=J2-2
Removed Pin From Net: NetName=RESET Pin=J2-3
Removed Pin From Net: NetName=+5V Pin=J2-4
Removed Pin From Net: NetName=A7 Pin=J2-5
Removed Pin From Net: NetName=A6 Pin=J2-6
Removed Pin From Net: NetName=A5 Pin=J2-7
Removed Pin From Net: NetName=A4 Pin=J2-8
Removed Pin From Net: NetName=A3 Pin=J2-9
Removed Pin From Net: NetName=A2 Pin=J2-10
Removed Pin From Net: NetName=A1 Pin=J2-11
Removed Pin From Net: NetName=A0 Pin=J2-12
Removed Pin From Net: NetName=AREF Pin=J2-13
Removed Pin From Net: NetName=+3V3 Pin=J2-14
Removed Pin From Net: NetName=D13/SCK Pin=J2-15
Change Component Footprint: Designator=C1 Old Footprint=AVX-TAJ-A-2_L New Footprint=CAPPR55-200-1100X500X1200
Change Component Footprint: Designator=C8 Old Footprint=AVX-TAJ-A-2_L New Footprint=CAPPR55-200-1100X500X1200
Change Component Comment : Designator=C1 Old Comment=TAJA475K016RNJ New Comment=ECA1HM4R7
Change Component Comment : Designator=C8 Old Comment=TAJA475K016RNJ New Comment=ECA1HM4R7
Added Component: Designator=FD1(FID1X2R)
Add component (AddParameter): Name = "Case/Package"; Value = ""; VariantName = "[No Variations]"
Add component (AddParameter): Name = "Max Operating Temperature"; Value = ""; VariantName = "[No Variations]"
Add component (AddParameter): Name = "Min Operating Temperature"; Value = ""; VariantName = "[No Variations]"
Add component (AddParameter): Name = "Mounting Technology"; Value = ""; VariantName = "[No Variations]"
Add component (AddParameter): Name = "Pins"; Value = "0"; VariantName = "[No Variations]"
Add component (AddParameter): Name = "RoHS Compliant"; Value = ""; VariantName = "[No Variations]"
Added Component: Designator=FD2(FID1X2R)
Add component (AddParameter): Name = "Case/Package"; Value = ""; VariantName = "[No Variations]"
Add component (AddParameter): Name = "Max Operating Temperature"; Value = ""; VariantName = "[No Variations]"
Add component (AddParameter): Name = "Min Operating Temperature"; Value = ""; VariantName = "[No Variations]"
Add component (AddParameter): Name = "Mounting Technology"; Value = ""; VariantName = "[No Variations]"
Add component (AddParameter): Name = "Pins"; Value = "0"; VariantName = "[No Variations]"
Add component (AddParameter): Name = "RoHS Compliant"; Value = ""; VariantName = "[No Variations]"
Added Component: Designator=FD3(FID1X2R)
Add component (AddParameter): Name = "Case/Package"; Value = ""; VariantName = "[No Variations]"
Add component (AddParameter): Name = "Max Operating Temperature"; Value = ""; VariantName = "[No Variations]"
Add component (AddParameter): Name = "Min Operating Temperature"; Value = ""; VariantName = "[No Variations]"
Add component (AddParameter): Name = "Mounting Technology"; Value = ""; VariantName = "[No Variations]"
Add component (AddParameter): Name = "Pins"; Value = "0"; VariantName = "[No Variations]"
Add component (AddParameter): Name = "RoHS Compliant"; Value = ""; VariantName = "[No Variations]"
Add Pin To Net: Unknown Pin: Pin J2-16
Add Pin To Net: Unknown Pin: Pin J2-17
Add Pin To Net: Unknown Pin: Pin J2-18
Add Pin To Net: Unknown Pin: Pin J2-19
Add Pin To Net: Unknown Pin: Pin J2-20
Add Pin To Net: Unknown Pin: Pin J2-21
Add Pin To Net: Unknown Pin: Pin J2-22
Add Pin To Net: Unknown Pin: Pin J2-23
Add Pin To Net: Unknown Pin: Pin J2-24
Add Pin To Net: Unknown Pin: Pin J2-25
Add Pin To Net: Unknown Pin: Pin J2-26
Add Pin To Net: Unknown Pin: Pin J2-27
Add Pin To Net: Unknown Pin: Pin J2-28
Add Pin To Net: Unknown Pin: Pin J2-29
Add Pin To Net: Unknown Pin: Pin J2-30
Added Member To Class: ClassName=Sheet1 Member=Component FD1 FID1X2R
Added Member To Class: ClassName=Sheet1 Member=Component FD2 FID1X2R
Added Member To Class: ClassName=Sheet1 Member=Component FD3 FID1X2R
