Change Component Designator: OldDesignator=C3 NewDesignator=C6
Change Component Designator: OldDesignator=C4 NewDesignator=C3
Change Component Designator: OldDesignator=C5 NewDesignator=C4
Change Component Designator: OldDesignator=C6 NewDesignator=C5
Change Component Designator: OldDesignator=J2 NewDesignator=J3
Change Component Designator: OldDesignator=J3 NewDesignator=J4
Change Component Designator: OldDesignator=R4 NewDesignator=R5
Change Component Designator: OldDesignator=R5 NewDesignator=R4
Change Component Designator: OldDesignator=U1 NewDesignator=U2
Added Component: Designator=J1(PCBComponent_1)
Added Component: Designator=J2(PCBComponent_1)
Added Component: Designator=U1(ATMEGA328/P)
Add component (AddParameter): Name = "ComponentLink1Description"; Value = "DATASHEET"; VariantName = "[No Variations]"
Add component (AddParameter): Name = "ComponentLink1URL"; Value = "https://ww1.microchip.com/downloads/en/DeviceDoc/Atmel-7810-Automotive-Microcontrollers-ATmega328P_Datasheet.pdf"; VariantName = "[No Variations]"
Add component (AddParameter): Name = "CREATED By"; Value = "DJAMALZILAL"; VariantName = "[No Variations]"
Add component (AddParameter): Name = "DATA CREATED"; Value = "2024"; VariantName = "[No Variations]"
Add component (AddParameter): Name = "DATASHEET"; Value = "https://ww1.microchip.com/downloads/en/DeviceDoc/Atmel-7810-Automotive-Microcontrollers-ATmega328P_Datasheet.pdf"; VariantName = "[No Variations]"
Add component (AddParameter): Name = "OrganizationName"; Value = "Djamal_Organization"; VariantName = "[No Variations]"
Added Pin To Net: NetName=D1/TX Pin=J1-1
Added Pin To Net: NetName=D0/RX Pin=J1-2
Added Pin To Net: NetName=RESET Pin=J1-3
Added Pin To Net: NetName=GND Pin=J1-4
Added Pin To Net: NetName=D11/MOSI Pin=J1-14
Added Pin To Net: NetName=D12/MISO Pin=J1-15
Add Pin To Net: Unknown Pin: Pin J2-16
Add Pin To Net: Unknown Pin: Pin J2-17
Add Pin To Net: Unknown Pin: Pin J2-18
Add Pin To Net: Unknown Pin: Pin J2-19
Add Pin To Net: Unknown Pin: Pin J2-28
Add Pin To Net: Unknown Pin: Pin J2-29
Add Pin To Net: Unknown Pin: Pin J2-30
Added Pin To Net: NetName=GND Pin=U1-3
Added Pin To Net: NetName=+5V Pin=U1-4
Added Pin To Net: NetName=GND Pin=U1-5
Added Pin To Net: NetName=+5V Pin=U1-6
Added Pin To Net: NetName=D11/MOSI Pin=U1-15
Added Pin To Net: NetName=D12/MISO Pin=U1-16
Added Pin To Net: NetName=D13/SCK Pin=U1-17
Added Pin To Net: NetName=+5V Pin=U1-18
Added Pin To Net: NetName=AREF Pin=U1-20
Added Pin To Net: NetName=GND Pin=U1-21
Added Pin To Net: NetName=RESET Pin=U1-29
Added Pin To Net: NetName=D0/RX Pin=U1-30
Added Pin To Net: NetName=D1/TX Pin=U1-31
Change Net Name : Old Net Name=NetC3_1 New Net Name=NetC6_1
Change Net Name : Old Net Name=NetR4_1 New Net Name=NetR5_1
Added Pin To Net: NetName=A0 Pin=U1-23
Added Net: Name=A0
Added Pin To Net: NetName=A1 Pin=U1-24
Added Net: Name=A1
Added Pin To Net: NetName=A2 Pin=U1-25
Added Net: Name=A2
Added Pin To Net: NetName=A3 Pin=U1-26
Added Net: Name=A3
Added Pin To Net: NetName=A4 Pin=U1-27
Added Net: Name=A4
Added Pin To Net: NetName=A5 Pin=U1-28
Added Net: Name=A5
Added Pin To Net: NetName=A6 Pin=U1-19
Added Net: Name=A6
Added Pin To Net: NetName=A7 Pin=U1-22
Added Net: Name=A7
Added Pin To Net: NetName=D2 Pin=J1-5
Added Pin To Net: NetName=D2 Pin=U1-32
Added Net: Name=D2
Added Pin To Net: NetName=D3 Pin=J1-6
Added Pin To Net: NetName=D3 Pin=U1-1
Added Net: Name=D3
Added Pin To Net: NetName=D4 Pin=J1-7
Added Pin To Net: NetName=D4 Pin=U1-2
Added Net: Name=D4
Added Pin To Net: NetName=D5 Pin=J1-8
Added Pin To Net: NetName=D5 Pin=U1-9
Added Net: Name=D5
Added Pin To Net: NetName=D6 Pin=J1-9
Added Pin To Net: NetName=D6 Pin=U1-10
Added Net: Name=D6
Added Pin To Net: NetName=D7 Pin=J1-10
Added Pin To Net: NetName=D7 Pin=U1-11
Added Net: Name=D7
Added Pin To Net: NetName=D8 Pin=J1-11
Added Pin To Net: NetName=D8 Pin=U1-12
Added Net: Name=D8
Added Pin To Net: NetName=D9 Pin=J1-12
Added Pin To Net: NetName=D9 Pin=U1-13
Added Net: Name=D9
Added Pin To Net: NetName=D10 Pin=J1-13
Added Pin To Net: NetName=D10 Pin=U1-14
Added Net: Name=D10
Added Pin To Net: NetName=NetC3_2 Pin=C3-2
Added Pin To Net: NetName=NetC3_2 Pin=U1-7
Added Pin To Net: NetName=NetC3_2 Pin=Y1-2
Added Net: Name=NetC3_2
Added Pin To Net: NetName=NetC5_2 Pin=C5-2
Added Pin To Net: NetName=NetC5_2 Pin=U1-8
Added Pin To Net: NetName=NetC5_2 Pin=Y1-1
Added Net: Name=NetC5_2
Added Member To Class: ClassName=Sheet1 Member=Component J1 both parts are inseparated
Added Member To Class: ClassName=Sheet1 Member=Component J4 M20-9720345
